<?xml version="1.0" encoding="UTF-8"?>
<!-- Generated by org.testng.reporters.JUnitReportReporter -->
<testsuite hostname="RajeshK" failures="0" tests="1" name="com.orion.automation.ApplicationTestCases.primusbanklogintestcase" time="3.181" errors="0" timestamp="04 Dec 2018 06:38:34 GMT" skipped="0">
  <testcase classname="com.orion.automation.ApplicationTestCases.primusbanklogintestcase" name="login" time="3.181"/>
</testsuite> <!-- com.orion.automation.ApplicationTestCases.primusbanklogintestcase -->
